\BOOKMARK [0][-]{chapter.1}{\376\377\000I\000n\000t\000r\000o\000d\000u\000c\000t\000i\000o\000n}{}% 1
\BOOKMARK [1][-]{section.1.1}{\376\377\000S\000u\000m\000m\000a\000r\000y}{chapter.1}% 2
\BOOKMARK [1][-]{section.1.2}{\376\377\000D\000i\000s\000c\000l\000a\000i\000m\000e\000r}{chapter.1}% 3
\BOOKMARK [1][-]{section.1.3}{\376\377\000R\000e\000a\000d\000\040\000t\000h\000e\000\040\000d\000o\000c\000s}{chapter.1}% 4
\BOOKMARK [0][-]{chapter.2}{\376\377\000I\000n\000s\000t\000a\000l\000l\000a\000t\000i\000o\000n}{}% 5
\BOOKMARK [1][-]{section.2.1}{\376\377\000P\000r\000e\000r\000e\000q\000u\000i\000s\000i\000t\000e\000s}{chapter.2}% 6
\BOOKMARK [1][-]{section.2.2}{\376\377\000D\000o\000w\000n\000l\000o\000a\000d}{chapter.2}% 7
\BOOKMARK [1][-]{section.2.3}{\376\377\000I\000n\000s\000t\000a\000l\000l}{chapter.2}% 8
\BOOKMARK [1][-]{section.2.4}{\376\377\000U\000p\000g\000r\000a\000d\000e}{chapter.2}% 9
\BOOKMARK [1][-]{section.2.5}{\376\377\000U\000n\000i\000n\000s\000t\000a\000l\000l}{chapter.2}% 10
\BOOKMARK [0][-]{chapter.3}{\376\377\000S\000u\000p\000p\000o\000r\000t}{}% 11
\BOOKMARK [0][-]{chapter.4}{\376\377\000C\000o\000o\000k\000b\000o\000o\000k}{}% 12
\BOOKMARK [1][-]{section.4.1}{\376\377\000R\000e\000a\000d\000i\000n\000g\000\040\000i\000n\000\040\000d\000a\000t\000a}{chapter.4}% 13
\BOOKMARK [1][-]{section.4.2}{\376\377\000A\000c\000c\000e\000s\000s\000i\000n\000g\000\040\000d\000a\000t\000a}{chapter.4}% 14
\BOOKMARK [1][-]{section.4.3}{\376\377\000P\000l\000o\000t\000t\000i\000n\000g\000\040\000d\000a\000t\000a}{chapter.4}% 15
\BOOKMARK [0][-]{chapter.5}{\376\377\000p\000l\000a\000t\000e\000l\000i\000b}{}% 16
\BOOKMARK [1][-]{section.5.1}{\376\377\000p\000l\000a\000t\000e\000l\000i\000b\000\040\000p\000a\000c\000k\000a\000g\000e}{chapter.5}% 17
\BOOKMARK [0][-]{chapter.6}{\376\377\000C\000o\000n\000t\000r\000i\000b\000u\000t\000e}{}% 18
\BOOKMARK [1][-]{section.6.1}{\376\377\000M\000o\000r\000e\000\040\000t\000o\000o\000l\000s}{chapter.6}% 19
\BOOKMARK [1][-]{section.6.2}{\376\377\000B\000u\000i\000l\000d\000i\000n\000g}{chapter.6}% 20
\BOOKMARK [1][-]{section.6.3}{\376\377\000P\000l\000a\000n\000n\000e\000d\000\040\000i\000m\000p\000r\000o\000v\000e\000m\000e\000n\000t\000s}{chapter.6}% 21
\BOOKMARK [0][-]{section*.26}{\376\377\000P\000y\000t\000h\000o\000n\000\040\000M\000o\000d\000u\000l\000e\000\040\000I\000n\000d\000e\000x}{}% 22
\BOOKMARK [0][-]{section*.27}{\376\377\000I\000n\000d\000e\000x}{}% 23
